Using pre-set license
Built from '2020.2/release' branch; Version is '2020.2.4f1 (becced5a802b) revision 12504301'; Using compiler version '192528614'; Build Type 'Release'
OS: 'Windows 10 Home; OS build 22631.3296; Version 2009; 64bit' Language: 'es' Physical Memory: 16216 MB
BatchMode: 1, IsHumanControllingUs: 0, StartBugReporterOnCrash: 0, Is64bit: 1, IsPro: 0

 COMMAND LINE ARGUMENTS:
C:\Users\marcb\OneDrive\Documentos\2020.2.4f1\Editor\Unity.exe
-adb2
-batchMode
-noUpm
-name
AssetImportWorker0
-projectPath
C:/Users/marcb/RollABall
-logFile
Logs/AssetImportWorker0.log
-srvPort
50802
Successfully changed project path to: C:/Users/marcb/RollABall
C:/Users/marcb/RollABall
Using Asset Import Pipeline V2.
Refreshing native plugins compatible for Editor in 23.86 ms, found 0 plugins.
Preloading 0 native plugins for Editor in 0.00 ms.
Initialize engine version: 2020.2.4f1 (becced5a802b)
[Subsystems] Discovering subsystems at path C:/Users/marcb/OneDrive/Documentos/2020.2.4f1/Editor/Data/Resources/UnitySubsystems
[Subsystems] Discovering subsystems at path C:/Users/marcb/RollABall/Assets
GfxDevice: creating device client; threaded=0
Direct3D:
    Version:  Direct3D 11.0 [level 11.1]
    Renderer: NVIDIA GeForce MX250 (ID=0x1d13)
    Vendor:   
    VRAM:     1983 MB
    Driver:   26.21.14.4145
Initialize mono
Mono path[0] = 'C:/Users/marcb/OneDrive/Documentos/2020.2.4f1/Editor/Data/Managed'
Mono path[1] = 'C:/Users/marcb/OneDrive/Documentos/2020.2.4f1/Editor/Data/MonoBleedingEdge/lib/mono/unityjit'
Mono config path = 'C:/Users/marcb/OneDrive/Documentos/2020.2.4f1/Editor/Data/MonoBleedingEdge/etc'
Using monoOptions --debugger-agent=transport=dt_socket,embedding=1,server=y,suspend=n,address=127.0.0.1:56296
Begin MonoManager ReloadAssembly
Registering precompiled unity dll's ...
Register platform support module: C:/Users/marcb/OneDrive/Documentos/2020.2.4f1/Editor/Data/PlaybackEngines/WindowsStandaloneSupport/UnityEditor.WindowsStandalone.Extensions.dll
Registered in 0.001272 seconds.
Native extension for WindowsStandalone target not found
Refreshing native plugins compatible for Editor in 42.52 ms, found 0 plugins.
Preloading 0 native plugins for Editor in 0.00 ms.
Invoked RoslynAnalysisRunner static constructor.
RoslynAnalysisRunner will not be running.
RoslynAnalysisRunner has terminated.
Mono: successfully reloaded assembly
- Completed reload, in  1.041 seconds
Platform modules already initialized, skipping
Registering precompiled user dll's ...
Registered in 0.001546 seconds.
Begin MonoManager ReloadAssembly
Native extension for WindowsStandalone target not found
Refreshing native plugins compatible for Editor in 29.57 ms, found 0 plugins.
Preloading 0 native plugins for Editor in 0.00 ms.
Invoked RoslynAnalysisRunner static constructor.
RoslynAnalysisRunner will not be running.
RoslynAnalysisRunner has terminated.
Mono: successfully reloaded assembly
- Completed reload, in  0.980 seconds
Platform modules already initialized, skipping
========================================================================
Worker process is ready to serve import requests
Launched and connected shader compiler UnityShaderCompiler.exe after 0.08 seconds
Refreshing native plugins compatible for Editor in 0.40 ms, found 0 plugins.
Preloading 0 native plugins for Editor in 0.00 ms.
Unloading 1403 Unused Serialized files (Serialized files now loaded: 0)
System memory in use before: 67.0 MB.
System memory in use after: 67.1 MB.

Unloading 11 unused Assets to reduce memory usage. Loaded Objects now: 1847.
Total: 3.791900 ms (FindLiveObjects: 0.329200 ms CreateObjectMapping: 0.178900 ms MarkObjects: 3.198000 ms  DeleteObjects: 0.083500 ms)

========================================================================
Received Import Request.
  path: Assets/Scripts/Rotator.cs
  artifactKey: Guid(aee4157c0f20ec64a9e08d4cc6127463) Importer(815301076,1909f56bfc062723c751e8b465ee728b)
Start importing Assets/Scripts/Rotator.cs using Guid(aee4157c0f20ec64a9e08d4cc6127463) Importer(815301076,1909f56bfc062723c751e8b465ee728b)  -> (artifact id: '9e0714620e73c14876375e0628d3d29f') in 0.104147 seconds
  Import took 0.110287 seconds .

========================================================================
Received Prepare
Registering precompiled user dll's ...
Registered in 0.000633 seconds.
Begin MonoManager ReloadAssembly
Native extension for WindowsStandalone target not found
Refreshing native plugins compatible for Editor in 0.34 ms, found 0 plugins.
Preloading 0 native plugins for Editor in 0.00 ms.
Invoked RoslynAnalysisRunner static constructor.
RoslynAnalysisRunner will not be running.
RoslynAnalysisRunner has terminated.
Mono: successfully reloaded assembly
- Completed reload, in  0.909 seconds
Platform modules already initialized, skipping
Refreshing native plugins compatible for Editor in 0.29 ms, found 0 plugins.
Preloading 0 native plugins for Editor in 0.00 ms.
Unloading 1397 Unused Serialized files (Serialized files now loaded: 0)
System memory in use before: 67.0 MB.
System memory in use after: 67.1 MB.

Unloading 4 unused Assets to reduce memory usage. Loaded Objects now: 1849.
Total: 1.957900 ms (FindLiveObjects: 0.241600 ms CreateObjectMapping: 0.067900 ms MarkObjects: 1.625100 ms  DeleteObjects: 0.021600 ms)

========================================================================
Received Import Request.
  Time since last request: 60.035554 seconds.
  path: Assets/Scripts/Rotator.cs
  artifactKey: Guid(aee4157c0f20ec64a9e08d4cc6127463) Importer(815301076,1909f56bfc062723c751e8b465ee728b)
Start importing Assets/Scripts/Rotator.cs using Guid(aee4157c0f20ec64a9e08d4cc6127463) Importer(815301076,1909f56bfc062723c751e8b465ee728b)  -> (artifact id: '1a16d66a9b098c461fe13e5d25dcfd70') in 0.004385 seconds
  Import took 0.007267 seconds .

========================================================================
Received Prepare
Registering precompiled user dll's ...
Registered in 0.000604 seconds.
Begin MonoManager ReloadAssembly
Native extension for WindowsStandalone target not found
Refreshing native plugins compatible for Editor in 0.28 ms, found 0 plugins.
Preloading 0 native plugins for Editor in 0.00 ms.
Invoked RoslynAnalysisRunner static constructor.
RoslynAnalysisRunner will not be running.
RoslynAnalysisRunner has terminated.
Mono: successfully reloaded assembly
- Completed reload, in  0.716 seconds
Platform modules already initialized, skipping
Refreshing native plugins compatible for Editor in 0.26 ms, found 0 plugins.
Preloading 0 native plugins for Editor in 0.00 ms.
Unloading 1397 Unused Serialized files (Serialized files now loaded: 0)
System memory in use before: 67.0 MB.
System memory in use after: 67.1 MB.

Unloading 4 unused Assets to reduce memory usage. Loaded Objects now: 1851.
Total: 1.750600 ms (FindLiveObjects: 0.166600 ms CreateObjectMapping: 0.049700 ms MarkObjects: 1.518500 ms  DeleteObjects: 0.014700 ms)

========================================================================
Received Import Request.
  Time since last request: 121.010429 seconds.
  path: Assets/PreFabs
  artifactKey: Guid(18b47d8e1bc84c04487f89e1265d02fe) Importer(815301076,1909f56bfc062723c751e8b465ee728b)
Start importing Assets/PreFabs using Guid(18b47d8e1bc84c04487f89e1265d02fe) Importer(815301076,1909f56bfc062723c751e8b465ee728b)  -> (artifact id: '1a313ce0a15646500562a0df3ecf988f') in 0.011971 seconds
  Import took 0.014367 seconds .

========================================================================
Received Import Request.
  Time since last request: 5.074266 seconds.
  path: Assets/PreFabs/PickUp.prefab
  artifactKey: Guid(13af4f550fe567547bfb0b206a96b417) Importer(815301076,1909f56bfc062723c751e8b465ee728b)
Start importing Assets/PreFabs/PickUp.prefab using Guid(13af4f550fe567547bfb0b206a96b417) Importer(815301076,1909f56bfc062723c751e8b465ee728b)  -> (artifact id: '767d7f3193761b954ed9de9c28969ab3') in 0.089214 seconds
  Import took 0.092341 seconds .

========================================================================
Received Import Request.
  Time since last request: 790.374193 seconds.
  path: Assets/Scripts/PlayerController.cs
  artifactKey: Guid(9f11f174ba911584fafed9968dd3b110) Importer(815301076,1909f56bfc062723c751e8b465ee728b)
Start importing Assets/Scripts/PlayerController.cs using Guid(9f11f174ba911584fafed9968dd3b110) Importer(815301076,1909f56bfc062723c751e8b465ee728b)  -> (artifact id: 'cb407f17ddfad8bcbc958094398a4883') in 0.019795 seconds
  Import took 0.022874 seconds .

========================================================================
Received Prepare
Registering precompiled user dll's ...
Registered in 0.000580 seconds.
Begin MonoManager ReloadAssembly
Native extension for WindowsStandalone target not found
Refreshing native plugins compatible for Editor in 0.24 ms, found 0 plugins.
Preloading 0 native plugins for Editor in 0.00 ms.
Invoked RoslynAnalysisRunner static constructor.
RoslynAnalysisRunner will not be running.
RoslynAnalysisRunner has terminated.
Mono: successfully reloaded assembly
- Completed reload, in  0.946 seconds
Platform modules already initialized, skipping
Refreshing native plugins compatible for Editor in 0.24 ms, found 0 plugins.
Preloading 0 native plugins for Editor in 0.00 ms.
Unloading 1397 Unused Serialized files (Serialized files now loaded: 0)
System memory in use before: 70.2 MB.
System memory in use after: 70.3 MB.

Unloading 4 unused Assets to reduce memory usage. Loaded Objects now: 1861.
Total: 2.131400 ms (FindLiveObjects: 0.218300 ms CreateObjectMapping: 0.067400 ms MarkObjects: 1.818900 ms  DeleteObjects: 0.025200 ms)

========================================================================
Received Import Request.
  Time since last request: 111.252079 seconds.
  path: Assets/Scripts/PlayerController.cs
  artifactKey: Guid(9f11f174ba911584fafed9968dd3b110) Importer(815301076,1909f56bfc062723c751e8b465ee728b)
Start importing Assets/Scripts/PlayerController.cs using Guid(9f11f174ba911584fafed9968dd3b110) Importer(815301076,1909f56bfc062723c751e8b465ee728b)  -> (artifact id: '9403962d8520b7d4c71523057f36a678') in 0.003664 seconds
  Import took 0.005939 seconds .

========================================================================
Received Import Request.
  Time since last request: 57.290685 seconds.
  path: ProjectSettings/TagManager.asset
  artifactKey: Guid(00000000000000003000000000000000) Importer(815301076,1909f56bfc062723c751e8b465ee728b)
Start importing ProjectSettings/TagManager.asset using Guid(00000000000000003000000000000000) Importer(815301076,1909f56bfc062723c751e8b465ee728b)  -> (artifact id: 'd7fc6db537de490c66388a0e179d6586') in 0.018688 seconds
  Import took 0.021573 seconds .

========================================================================
Received Prepare
Registering precompiled user dll's ...
Registered in 0.000877 seconds.
Begin MonoManager ReloadAssembly
Native extension for WindowsStandalone target not found
Refreshing native plugins compatible for Editor in 0.33 ms, found 0 plugins.
Preloading 0 native plugins for Editor in 0.00 ms.
Invoked RoslynAnalysisRunner static constructor.
RoslynAnalysisRunner will not be running.
RoslynAnalysisRunner has terminated.
Mono: successfully reloaded assembly
- Completed reload, in  0.936 seconds
Platform modules already initialized, skipping
Refreshing native plugins compatible for Editor in 0.31 ms, found 0 plugins.
Preloading 0 native plugins for Editor in 0.00 ms.
Unloading 1397 Unused Serialized files (Serialized files now loaded: 0)
System memory in use before: 70.2 MB.
System memory in use after: 70.3 MB.

Unloading 5 unused Assets to reduce memory usage. Loaded Objects now: 1863.
Total: 4.705700 ms (FindLiveObjects: 0.679600 ms CreateObjectMapping: 0.231800 ms MarkObjects: 3.760200 ms  DeleteObjects: 0.031200 ms)

========================================================================
Received Import Request.
  Time since last request: 137.954067 seconds.
  path: Assets/Scripts/PlayerController.cs
  artifactKey: Guid(9f11f174ba911584fafed9968dd3b110) Importer(815301076,1909f56bfc062723c751e8b465ee728b)
Start importing Assets/Scripts/PlayerController.cs using Guid(9f11f174ba911584fafed9968dd3b110) Importer(815301076,1909f56bfc062723c751e8b465ee728b)  -> (artifact id: '66ba9f500fe24e3f17c7981354009b71') in 0.005036 seconds
  Import took 0.008119 seconds .

========================================================================
Received Prepare
Registering precompiled user dll's ...
Registered in 0.000795 seconds.
Begin MonoManager ReloadAssembly
Native extension for WindowsStandalone target not found
Refreshing native plugins compatible for Editor in 0.29 ms, found 0 plugins.
Preloading 0 native plugins for Editor in 0.00 ms.
Invoked RoslynAnalysisRunner static constructor.
RoslynAnalysisRunner will not be running.
RoslynAnalysisRunner has terminated.
Mono: successfully reloaded assembly
- Completed reload, in  0.912 seconds
Platform modules already initialized, skipping
Refreshing native plugins compatible for Editor in 0.30 ms, found 0 plugins.
Preloading 0 native plugins for Editor in 0.00 ms.
Unloading 1397 Unused Serialized files (Serialized files now loaded: 0)
System memory in use before: 70.2 MB.
System memory in use after: 70.3 MB.

Unloading 4 unused Assets to reduce memory usage. Loaded Objects now: 1865.
Total: 13.182900 ms (FindLiveObjects: 0.993400 ms CreateObjectMapping: 0.322200 ms MarkObjects: 11.756000 ms  DeleteObjects: 0.102200 ms)

========================================================================
Received Prepare
Registering precompiled user dll's ...
Registered in 0.000767 seconds.
Begin MonoManager ReloadAssembly
Native extension for WindowsStandalone target not found
Refreshing native plugins compatible for Editor in 0.29 ms, found 0 plugins.
Preloading 0 native plugins for Editor in 0.00 ms.
Invoked RoslynAnalysisRunner static constructor.
RoslynAnalysisRunner will not be running.
RoslynAnalysisRunner has terminated.
Mono: successfully reloaded assembly
- Completed reload, in  0.722 seconds
Platform modules already initialized, skipping
Refreshing native plugins compatible for Editor in 0.26 ms, found 0 plugins.
Preloading 0 native plugins for Editor in 0.00 ms.
Unloading 1397 Unused Serialized files (Serialized files now loaded: 0)
System memory in use before: 70.2 MB.
System memory in use after: 70.3 MB.

Unloading 4 unused Assets to reduce memory usage. Loaded Objects now: 1867.
Total: 2.142100 ms (FindLiveObjects: 0.323100 ms CreateObjectMapping: 0.115300 ms MarkObjects: 1.684900 ms  DeleteObjects: 0.015100 ms)

========================================================================
Received Prepare
Registering precompiled user dll's ...
Registered in 0.000839 seconds.
Begin MonoManager ReloadAssembly
Native extension for WindowsStandalone target not found
Refreshing native plugins compatible for Editor in 0.29 ms, found 0 plugins.
Preloading 0 native plugins for Editor in 0.00 ms.
Invoked RoslynAnalysisRunner static constructor.
RoslynAnalysisRunner will not be running.
RoslynAnalysisRunner has terminated.
Mono: successfully reloaded assembly
- Completed reload, in  0.863 seconds
Platform modules already initialized, skipping
Refreshing native plugins compatible for Editor in 0.30 ms, found 0 plugins.
Preloading 0 native plugins for Editor in 0.00 ms.
Unloading 1397 Unused Serialized files (Serialized files now loaded: 0)
System memory in use before: 70.2 MB.
System memory in use after: 70.3 MB.

Unloading 4 unused Assets to reduce memory usage. Loaded Objects now: 1869.
Total: 2.343900 ms (FindLiveObjects: 0.293000 ms CreateObjectMapping: 0.116500 ms MarkObjects: 1.912700 ms  DeleteObjects: 0.020100 ms)

========================================================================
Received Import Request.
  Time since last request: 622.209484 seconds.
  path: Assets/PreFabs/PickUp.prefab
  artifactKey: Guid(13af4f550fe567547bfb0b206a96b417) Importer(815301076,1909f56bfc062723c751e8b465ee728b)
Start importing Assets/PreFabs/PickUp.prefab using Guid(13af4f550fe567547bfb0b206a96b417) Importer(815301076,1909f56bfc062723c751e8b465ee728b)  -> (artifact id: '63038f04f7af74455425178ae6678f73') in 0.059695 seconds
  Import took 0.062188 seconds .

========================================================================
Received Prepare
Registering precompiled user dll's ...
Registered in 0.000791 seconds.
Begin MonoManager ReloadAssembly
Native extension for WindowsStandalone target not found
Refreshing native plugins compatible for Editor in 0.26 ms, found 0 plugins.
Preloading 0 native plugins for Editor in 0.00 ms.
Invoked RoslynAnalysisRunner static constructor.
RoslynAnalysisRunner will not be running.
RoslynAnalysisRunner has terminated.
Mono: successfully reloaded assembly
- Completed reload, in  1.008 seconds
Platform modules already initialized, skipping
Refreshing native plugins compatible for Editor in 0.34 ms, found 0 plugins.
Preloading 0 native plugins for Editor in 0.00 ms.
Unloading 1397 Unused Serialized files (Serialized files now loaded: 0)
System memory in use before: 70.2 MB.
System memory in use after: 70.3 MB.

Unloading 4 unused Assets to reduce memory usage. Loaded Objects now: 1872.
Total: 3.414100 ms (FindLiveObjects: 0.243900 ms CreateObjectMapping: 0.051300 ms MarkObjects: 3.092500 ms  DeleteObjects: 0.024600 ms)

========================================================================
Received Import Request.
  Time since last request: 60.993965 seconds.
  path: Assets/PreFabs/PickUp.prefab
  artifactKey: Guid(13af4f550fe567547bfb0b206a96b417) Importer(815301076,1909f56bfc062723c751e8b465ee728b)
Start importing Assets/PreFabs/PickUp.prefab using Guid(13af4f550fe567547bfb0b206a96b417) Importer(815301076,1909f56bfc062723c751e8b465ee728b)  -> (artifact id: 'e690b9732eb60a59c734a8b60bf55b8b') in 0.048868 seconds
  Import took 0.051441 seconds .

========================================================================
Received Import Request.
  Time since last request: 0.043436 seconds.
  path: Assets/PreFabs/PickUp.prefab
  artifactKey: Guid(13af4f550fe567547bfb0b206a96b417) Importer(815301076,1909f56bfc062723c751e8b465ee728b)
Start importing Assets/PreFabs/PickUp.prefab using Guid(13af4f550fe567547bfb0b206a96b417) Importer(815301076,1909f56bfc062723c751e8b465ee728b)  -> (artifact id: 'e690b9732eb60a59c734a8b60bf55b8b') in 0.007725 seconds
  Import took 0.010247 seconds .

========================================================================
Received Import Request.
  Time since last request: 6.629697 seconds.
  path: Assets/PreFabs/PickUp.prefab
  artifactKey: Guid(13af4f550fe567547bfb0b206a96b417) Importer(815301076,1909f56bfc062723c751e8b465ee728b)
Start importing Assets/PreFabs/PickUp.prefab using Guid(13af4f550fe567547bfb0b206a96b417) Importer(815301076,1909f56bfc062723c751e8b465ee728b)  -> (artifact id: 'a0139ad7e2d06bd6c9235e9da8746ae7') in 0.008876 seconds
  Import took 0.011475 seconds .

========================================================================
Received Import Request.
  Time since last request: 8.748149 seconds.
  path: Assets/PreFabs/PickUp.prefab
  artifactKey: Guid(13af4f550fe567547bfb0b206a96b417) Importer(815301076,1909f56bfc062723c751e8b465ee728b)
Start importing Assets/PreFabs/PickUp.prefab using Guid(13af4f550fe567547bfb0b206a96b417) Importer(815301076,1909f56bfc062723c751e8b465ee728b)  -> (artifact id: '0e9fac227aaf9a48784526db14324d92') in 0.009003 seconds
  Import took 0.011475 seconds .

========================================================================
Received Import Request.
  Time since last request: 3.265039 seconds.
  path: Assets/PreFabs/PickUp.prefab
  artifactKey: Guid(13af4f550fe567547bfb0b206a96b417) Importer(815301076,1909f56bfc062723c751e8b465ee728b)
Start importing Assets/PreFabs/PickUp.prefab using Guid(13af4f550fe567547bfb0b206a96b417) Importer(815301076,1909f56bfc062723c751e8b465ee728b)  -> (artifact id: '40efc182f3fd0d5d4054bc6b0402719e') in 0.008888 seconds
  Import took 0.012160 seconds .

========================================================================
Received Prepare
Registering precompiled user dll's ...
Registered in 0.000844 seconds.
Begin MonoManager ReloadAssembly
Native extension for WindowsStandalone target not found
Refreshing native plugins compatible for Editor in 0.33 ms, found 0 plugins.
Preloading 0 native plugins for Editor in 0.00 ms.
Invoked RoslynAnalysisRunner static constructor.
RoslynAnalysisRunner will not be running.
RoslynAnalysisRunner has terminated.
Mono: successfully reloaded assembly
- Completed reload, in  0.849 seconds
Platform modules already initialized, skipping
Refreshing native plugins compatible for Editor in 0.35 ms, found 0 plugins.
Preloading 0 native plugins for Editor in 0.00 ms.
Unloading 1397 Unused Serialized files (Serialized files now loaded: 0)
System memory in use before: 70.3 MB.
System memory in use after: 70.4 MB.

Unloading 4 unused Assets to reduce memory usage. Loaded Objects now: 1875.
Total: 4.355900 ms (FindLiveObjects: 0.504100 ms CreateObjectMapping: 0.115500 ms MarkObjects: 3.704300 ms  DeleteObjects: 0.029600 ms)

========================================================================
Received Prepare
Registering precompiled user dll's ...
Registered in 0.000602 seconds.
Begin MonoManager ReloadAssembly
Native extension for WindowsStandalone target not found
Refreshing native plugins compatible for Editor in 0.26 ms, found 0 plugins.
Preloading 0 native plugins for Editor in 0.00 ms.
Invoked RoslynAnalysisRunner static constructor.
RoslynAnalysisRunner will not be running.
RoslynAnalysisRunner has terminated.
Mono: successfully reloaded assembly
- Completed reload, in  0.784 seconds
Platform modules already initialized, skipping
Refreshing native plugins compatible for Editor in 0.26 ms, found 0 plugins.
Preloading 0 native plugins for Editor in 0.00 ms.
Unloading 1397 Unused Serialized files (Serialized files now loaded: 0)
System memory in use before: 70.3 MB.
System memory in use after: 70.4 MB.

Unloading 4 unused Assets to reduce memory usage. Loaded Objects now: 1877.
Total: 2.601200 ms (FindLiveObjects: 0.243900 ms CreateObjectMapping: 0.078000 ms MarkObjects: 2.256600 ms  DeleteObjects: 0.021000 ms)

========================================================================
Received Prepare
Registering precompiled user dll's ...
Registered in 0.000653 seconds.
Begin MonoManager ReloadAssembly
Native extension for WindowsStandalone target not found
Refreshing native plugins compatible for Editor in 0.35 ms, found 0 plugins.
Preloading 0 native plugins for Editor in 0.00 ms.
Invoked RoslynAnalysisRunner static constructor.
RoslynAnalysisRunner will not be running.
RoslynAnalysisRunner has terminated.
Mono: successfully reloaded assembly
- Completed reload, in  1.106 seconds
Platform modules already initialized, skipping
Refreshing native plugins compatible for Editor in 0.79 ms, found 0 plugins.
Preloading 0 native plugins for Editor in 0.00 ms.
Unloading 1410 Unused Serialized files (Serialized files now loaded: 0)
System memory in use before: 72.0 MB.
System memory in use after: 71.5 MB.

Unloading 17 unused Assets to reduce memory usage. Loaded Objects now: 1879.
Total: 2.662000 ms (FindLiveObjects: 0.279000 ms CreateObjectMapping: 0.072800 ms MarkObjects: 1.958400 ms  DeleteObjects: 0.348600 ms)

========================================================================
Received Prepare
Registering precompiled user dll's ...
Registered in 0.000684 seconds.
Begin MonoManager ReloadAssembly
Native extension for WindowsStandalone target not found
Refreshing native plugins compatible for Editor in 0.29 ms, found 0 plugins.
Preloading 0 native plugins for Editor in 0.00 ms.
Invoked RoslynAnalysisRunner static constructor.
RoslynAnalysisRunner will not be running.
RoslynAnalysisRunner has terminated.
Mono: successfully reloaded assembly
- Completed reload, in  0.939 seconds
Platform modules already initialized, skipping
Refreshing native plugins compatible for Editor in 0.28 ms, found 0 plugins.
Preloading 0 native plugins for Editor in 0.00 ms.
Unloading 1410 Unused Serialized files (Serialized files now loaded: 0)
System memory in use before: 72.0 MB.
System memory in use after: 71.5 MB.

Unloading 17 unused Assets to reduce memory usage. Loaded Objects now: 1881.
Total: 3.218000 ms (FindLiveObjects: 0.254800 ms CreateObjectMapping: 0.083200 ms MarkObjects: 2.459300 ms  DeleteObjects: 0.419100 ms)

========================================================================
Received Prepare
Registering precompiled user dll's ...
Registered in 0.000599 seconds.
Begin MonoManager ReloadAssembly
Native extension for WindowsStandalone target not found
Refreshing native plugins compatible for Editor in 0.26 ms, found 0 plugins.
Preloading 0 native plugins for Editor in 0.00 ms.
Invoked RoslynAnalysisRunner static constructor.
RoslynAnalysisRunner will not be running.
RoslynAnalysisRunner has terminated.
Mono: successfully reloaded assembly
- Completed reload, in  0.731 seconds
Platform modules already initialized, skipping
Refreshing native plugins compatible for Editor in 0.23 ms, found 0 plugins.
Preloading 0 native plugins for Editor in 0.00 ms.
Unloading 1410 Unused Serialized files (Serialized files now loaded: 0)
System memory in use before: 72.1 MB.
System memory in use after: 71.5 MB.

Unloading 17 unused Assets to reduce memory usage. Loaded Objects now: 1883.
Total: 4.198700 ms (FindLiveObjects: 0.512700 ms CreateObjectMapping: 0.129900 ms MarkObjects: 2.898800 ms  DeleteObjects: 0.655200 ms)

========================================================================
Received Prepare
Registering precompiled user dll's ...
Registered in 0.000562 seconds.
Begin MonoManager ReloadAssembly
Native extension for WindowsStandalone target not found
Refreshing native plugins compatible for Editor in 0.27 ms, found 0 plugins.
Preloading 0 native plugins for Editor in 0.00 ms.
Invoked RoslynAnalysisRunner static constructor.
RoslynAnalysisRunner will not be running.
RoslynAnalysisRunner has terminated.
Mono: successfully reloaded assembly
- Completed reload, in  0.826 seconds
Platform modules already initialized, skipping
Refreshing native plugins compatible for Editor in 0.26 ms, found 0 plugins.
Preloading 0 native plugins for Editor in 0.00 ms.
Unloading 1410 Unused Serialized files (Serialized files now loaded: 0)
System memory in use before: 72.0 MB.
System memory in use after: 71.6 MB.

Unloading 17 unused Assets to reduce memory usage. Loaded Objects now: 1885.
Total: 5.801200 ms (FindLiveObjects: 0.570700 ms CreateObjectMapping: 0.395100 ms MarkObjects: 4.267700 ms  DeleteObjects: 0.564500 ms)

========================================================================
Received Prepare
Registering precompiled user dll's ...
Registered in 0.000556 seconds.
Begin MonoManager ReloadAssembly
Native extension for WindowsStandalone target not found
Refreshing native plugins compatible for Editor in 0.25 ms, found 0 plugins.
Preloading 0 native plugins for Editor in 0.00 ms.
Invoked RoslynAnalysisRunner static constructor.
RoslynAnalysisRunner will not be running.
RoslynAnalysisRunner has terminated.
Mono: successfully reloaded assembly
- Completed reload, in  0.737 seconds
Platform modules already initialized, skipping
Refreshing native plugins compatible for Editor in 0.26 ms, found 0 plugins.
Preloading 0 native plugins for Editor in 0.00 ms.
Unloading 1410 Unused Serialized files (Serialized files now loaded: 0)
System memory in use before: 72.1 MB.
System memory in use after: 71.6 MB.

Unloading 17 unused Assets to reduce memory usage. Loaded Objects now: 1887.
Total: 10.669700 ms (FindLiveObjects: 0.930100 ms CreateObjectMapping: 0.337100 ms MarkObjects: 7.908900 ms  DeleteObjects: 1.486100 ms)

========================================================================
Received Prepare
Registering precompiled user dll's ...
Registered in 0.000552 seconds.
Begin MonoManager ReloadAssembly
Native extension for WindowsStandalone target not found
Refreshing native plugins compatible for Editor in 0.56 ms, found 0 plugins.
Preloading 0 native plugins for Editor in 0.00 ms.
Invoked RoslynAnalysisRunner static constructor.
RoslynAnalysisRunner will not be running.
RoslynAnalysisRunner has terminated.
Mono: successfully reloaded assembly
- Completed reload, in  0.737 seconds
Platform modules already initialized, skipping
Refreshing native plugins compatible for Editor in 0.26 ms, found 0 plugins.
Preloading 0 native plugins for Editor in 0.00 ms.
Unloading 1410 Unused Serialized files (Serialized files now loaded: 0)
System memory in use before: 72.1 MB.
System memory in use after: 71.6 MB.

Unloading 17 unused Assets to reduce memory usage. Loaded Objects now: 1889.
Total: 2.967300 ms (FindLiveObjects: 0.338500 ms CreateObjectMapping: 0.047700 ms MarkObjects: 2.208400 ms  DeleteObjects: 0.369500 ms)

========================================================================
Received Prepare
Refreshing native plugins compatible for Editor in 0.77 ms, found 0 plugins.
Preloading 0 native plugins for Editor in 0.00 ms.
Unloading 15 Unused Serialized files (Serialized files now loaded: 0)
System memory in use before: 44.5 MB.
System memory in use after: 44.0 MB.

Unloading 15 unused Assets to reduce memory usage. Loaded Objects now: 1889.
Total: 2.834900 ms (FindLiveObjects: 0.226200 ms CreateObjectMapping: 0.052800 ms MarkObjects: 2.242800 ms  DeleteObjects: 0.311100 ms)

========================================================================
Received Prepare
Registering precompiled user dll's ...
Registered in 0.000599 seconds.
Begin MonoManager ReloadAssembly
Native extension for WindowsStandalone target not found
Refreshing native plugins compatible for Editor in 0.25 ms, found 0 plugins.
Preloading 0 native plugins for Editor in 0.00 ms.
Invoked RoslynAnalysisRunner static constructor.
RoslynAnalysisRunner will not be running.
RoslynAnalysisRunner has terminated.
Mono: successfully reloaded assembly
- Completed reload, in  0.692 seconds
Platform modules already initialized, skipping
Refreshing native plugins compatible for Editor in 0.24 ms, found 0 plugins.
Preloading 0 native plugins for Editor in 0.00 ms.
Unloading 1410 Unused Serialized files (Serialized files now loaded: 0)
System memory in use before: 72.2 MB.
System memory in use after: 71.7 MB.

Unloading 17 unused Assets to reduce memory usage. Loaded Objects now: 1891.
Total: 2.288800 ms (FindLiveObjects: 0.205200 ms CreateObjectMapping: 0.074500 ms MarkObjects: 1.653300 ms  DeleteObjects: 0.351700 ms)

========================================================================
Received Prepare
Refreshing native plugins compatible for Editor in 0.69 ms, found 0 plugins.
Preloading 0 native plugins for Editor in 0.00 ms.
Unloading 15 Unused Serialized files (Serialized files now loaded: 0)
System memory in use before: 44.6 MB.
System memory in use after: 44.1 MB.

Unloading 15 unused Assets to reduce memory usage. Loaded Objects now: 1891.
Total: 2.417500 ms (FindLiveObjects: 0.282800 ms CreateObjectMapping: 0.068100 ms MarkObjects: 1.743000 ms  DeleteObjects: 0.321900 ms)

========================================================================
Received Prepare
Refreshing native plugins compatible for Editor in 0.76 ms, found 0 plugins.
Preloading 0 native plugins for Editor in 0.00 ms.
Unloading 15 Unused Serialized files (Serialized files now loaded: 0)
System memory in use before: 44.6 MB.
System memory in use after: 44.1 MB.

Unloading 15 unused Assets to reduce memory usage. Loaded Objects now: 1891.
Total: 2.485900 ms (FindLiveObjects: 0.296800 ms CreateObjectMapping: 0.103600 ms MarkObjects: 1.783900 ms  DeleteObjects: 0.300000 ms)

AssetImportWorkerClient::OnTransportError - code=2 error=End of file
